# JRE version: Java(TM) SE Runtime Environment (23.0.2+7) (build 23.0.2+7-58)
# Java VM: Java HotSpot(TM) 64-Bit Server VM (23.0.2+7-58, mixed mode, sharing, tiered, compressed oops, compressed class ptrs, g1 gc, windows-amd64)
GC Precious Log:
 CardTable entry size: 512
 Card Set container configuration: InlinePtr #cards 4 size 8 Array Of Cards #cards 16 size 48 Howl #buckets 8 coarsen threshold 3686 Howl Bitmap #cards 512 size 80 coarsen threshold 460 Card regions per heap region 1 cards per card region 4096
 CPUs: 16 total, 16 available
 Memory: 16165M
 Large Page Support: Disabled
 NUMA Support: Disabled
 Compressed Oops: Enabled (Zero based)
 Heap Region Size: 2M
 Heap Min Capacity: 8M
 Heap Initial Capacity: 254M
 Heap Max Capacity: 4G
 Pre-touch: Disabled
 Parallel Workers: 13
 Concurrent Workers: 3
 Concurrent Refinement Workers: 13
 Periodic GC: Disabled
Heap:
 garbage-first heap   total reserved 4194304K, committed 274432K, used 176369K [0x0000000700000000, 0x0000000800000000)
  region size 2048K, 6 young (12288K), 6 survivors (12288K)
 Metaspace       used 112519K, committed 115328K, reserved 557056K
  class space    used 16341K, committed 17664K, reserved 425984K
GC Heap History (20 events):
Event: 8.012 GC heap after
{Heap after GC invocations=35 (full 0):
 garbage-first heap   total reserved 4194304K, committed 237568K, used 126409K [0x0000000700000000, 0x0000000800000000)
  region size 2048K, 3 young (6144K), 3 survivors (6144K)
 Metaspace       used 89614K, committed 91904K, reserved 557056K
  class space    used 12880K, committed 13952K, reserved 425984K
}
Event: 8.358 GC heap before
{Heap before GC invocations=35 (full 0):
 garbage-first heap   total reserved 4194304K, committed 237568K, used 204233K [0x0000000700000000, 0x0000000800000000)
  region size 2048K, 41 young (83968K), 3 survivors (6144K)
 Metaspace       used 93856K, committed 96192K, reserved 557056K
  class space    used 13455K, committed 14528K, reserved 425984K
}
Event: 8.361 GC heap after
{Heap after GC invocations=36 (full 0):
 garbage-first heap   total reserved 4194304K, committed 237568K, used 129726K [0x0000000700000000, 0x0000000800000000)
  region size 2048K, 5 young (10240K), 5 survivors (10240K)
 Metaspace       used 93856K, committed 96192K, reserved 557056K
  class space    used 13455K, committed 14528K, reserved 425984K
}
Event: 8.758 GC heap before
{Heap before GC invocations=37 (full 0):
 garbage-first heap   total reserved 4194304K, committed 237568K, used 209598K [0x0000000700000000, 0x0000000800000000)
  region size 2048K, 44 young (90112K), 5 survivors (10240K)
 Metaspace       used 96813K, committed 99264K, reserved 557056K
  class space    used 13898K, committed 15040K, reserved 425984K
}
Event: 8.762 GC heap after
{Heap after GC invocations=38 (full 0):
 garbage-first heap   total reserved 4194304K, committed 237568K, used 135961K [0x0000000700000000, 0x0000000800000000)
  region size 2048K, 6 young (12288K), 6 survivors (12288K)
 Metaspace       used 96813K, committed 99264K, reserved 557056K
  class space    used 13898K, committed 15040K, reserved 425984K
}
Event: 9.148 GC heap before
{Heap before GC invocations=38 (full 0):
 garbage-first heap   total reserved 4194304K, committed 237568K, used 207641K [0x0000000700000000, 0x0000000800000000)
  region size 2048K, 41 young (83968K), 6 survivors (12288K)
 Metaspace       used 101539K, committed 104000K, reserved 557056K
  class space    used 14716K, committed 15872K, reserved 425984K
}
Event: 9.151 GC heap after
{Heap after GC invocations=39 (full 0):
 garbage-first heap   total reserved 4194304K, committed 237568K, used 132423K [0x0000000700000000, 0x0000000800000000)
  region size 2048K, 4 young (8192K), 4 survivors (8192K)
 Metaspace       used 101539K, committed 104000K, reserved 557056K
  class space    used 14716K, committed 15872K, reserved 425984K
}
Event: 9.530 GC heap before
{Heap before GC invocations=39 (full 0):
 garbage-first heap   total reserved 4194304K, committed 237568K, used 214343K [0x0000000700000000, 0x0000000800000000)
  region size 2048K, 44 young (90112K), 4 survivors (8192K)
 Metaspace       used 104996K, committed 107584K, reserved 557056K
  class space    used 15193K, committed 16384K, reserved 425984K
}
Event: 9.534 GC heap after
{Heap after GC invocations=40 (full 0):
 garbage-first heap   total reserved 4194304K, committed 237568K, used 139098K [0x0000000700000000, 0x0000000800000000)
  region size 2048K, 5 young (10240K), 5 survivors (10240K)
 Metaspace       used 104996K, committed 107584K, reserved 557056K
  class space    used 15193K, committed 16384K, reserved 425984K
}
Event: 9.936 GC heap before
{Heap before GC invocations=41 (full 0):
 garbage-first heap   total reserved 4194304K, committed 237568K, used 210778K [0x0000000700000000, 0x0000000800000000)
  region size 2048K, 40 young (81920K), 5 survivors (10240K)
 Metaspace       used 109318K, committed 111936K, reserved 557056K
  class space    used 15868K, committed 17088K, reserved 425984K
}
Event: 9.940 GC heap after
{Heap after GC invocations=42 (full 0):
 garbage-first heap   total reserved 4194304K, committed 237568K, used 144711K [0x0000000700000000, 0x0000000800000000)
  region size 2048K, 3 young (6144K), 3 survivors (6144K)
 Metaspace       used 109318K, committed 111936K, reserved 557056K
  class space    used 15868K, committed 17088K, reserved 425984K
}
Event: 10.267 GC heap before
{Heap before GC invocations=42 (full 0):
 garbage-first heap   total reserved 4194304K, committed 237568K, used 214343K [0x0000000700000000, 0x0000000800000000)
  region size 2048K, 38 young (77824K), 3 survivors (6144K)
 Metaspace       used 110780K, committed 113472K, reserved 557056K
  class space    used 16125K, committed 17408K, reserved 425984K
}
Event: 10.271 GC heap after
{Heap after GC invocations=43 (full 0):
 garbage-first heap   total reserved 4194304K, committed 237568K, used 151157K [0x0000000700000000, 0x0000000800000000)
  region size 2048K, 5 young (10240K), 5 survivors (10240K)
 Metaspace       used 110780K, committed 113472K, reserved 557056K
  class space    used 16125K, committed 17408K, reserved 425984K
}
Event: 10.481 GC heap before
{Heap before GC invocations=43 (full 0):
 garbage-first heap   total reserved 4194304K, committed 237568K, used 212597K [0x0000000700000000, 0x0000000800000000)
  region size 2048K, 35 young (71680K), 5 survivors (10240K)
 Metaspace       used 111177K, committed 113856K, reserved 557056K
  class space    used 16160K, committed 17408K, reserved 425984K
}
Event: 10.485 GC heap after
{Heap after GC invocations=44 (full 0):
 garbage-first heap   total reserved 4194304K, committed 237568K, used 158545K [0x0000000700000000, 0x0000000800000000)
  region size 2048K, 5 young (10240K), 5 survivors (10240K)
 Metaspace       used 111177K, committed 113856K, reserved 557056K
  class space    used 16160K, committed 17408K, reserved 425984K
}
Event: 10.536 GC heap before
{Heap before GC invocations=44 (full 0):
 garbage-first heap   total reserved 4194304K, committed 237568K, used 209745K [0x0000000700000000, 0x0000000800000000)
  region size 2048K, 31 young (63488K), 5 survivors (10240K)
 Metaspace       used 111178K, committed 113856K, reserved 557056K
  class space    used 16160K, committed 17408K, reserved 425984K
}
Event: 10.539 GC heap after
{Heap after GC invocations=45 (full 0):
 garbage-first heap   total reserved 4194304K, committed 237568K, used 160740K [0x0000000700000000, 0x0000000800000000)
  region size 2048K, 3 young (6144K), 3 survivors (6144K)
 Metaspace       used 111178K, committed 113856K, reserved 557056K
  class space    used 16160K, committed 17408K, reserved 425984K
}
Event: 10.590 GC heap before
{Heap before GC invocations=46 (full 0):
 garbage-first heap   total reserved 4194304K, committed 270336K, used 213988K [0x0000000700000000, 0x0000000800000000)
  region size 2048K, 30 young (61440K), 3 survivors (6144K)
 Metaspace       used 111178K, committed 113856K, reserved 557056K
  class space    used 16160K, committed 17408K, reserved 425984K
}
Event: 10.591 GC heap after
{Heap after GC invocations=47 (full 0):
 garbage-first heap   total reserved 4194304K, committed 270336K, used 162695K [0x0000000700000000, 0x0000000800000000)
  region size 2048K, 3 young (6144K), 3 survivors (6144K)
 Metaspace       used 111178K, committed 113856K, reserved 557056K
  class space    used 16160K, committed 17408K, reserved 425984K
}
Event: 11.006 GC heap before
{Heap before GC invocations=47 (full 0):
 garbage-first heap   total reserved 4194304K, committed 270336K, used 242567K [0x0000000700000000, 0x0000000800000000)
  region size 2048K, 42 young (86016K), 3 survivors (6144K)
 Metaspace       used 112519K, committed 115328K, reserved 557056K
  class space    used 16341K, committed 17664K, reserved 425984K
}

