# JRE version: Java(TM) SE Runtime Environment (23.0.2+7) (build 23.0.2+7-58)
# Java VM: Java HotSpot(TM) 64-Bit Server VM (23.0.2+7-58, mixed mode, sharing, tiered, compressed oops, compressed class ptrs, g1 gc, windows-amd64)
GC Precious Log:
 CardTable entry size: 512
 Card Set container configuration: InlinePtr #cards 4 size 8 Array Of Cards #cards 16 size 48 Howl #buckets 8 coarsen threshold 3686 Howl Bitmap #cards 512 size 80 coarsen threshold 460 Card regions per heap region 1 cards per card region 4096
 CPUs: 16 total, 16 available
 Memory: 16165M
 Large Page Support: Disabled
 NUMA Support: Disabled
 Compressed Oops: Enabled (Zero based)
 Heap Region Size: 2M
 Heap Min Capacity: 8M
 Heap Initial Capacity: 254M
 Heap Max Capacity: 4G
 Pre-touch: Disabled
 Parallel Workers: 13
 Concurrent Workers: 3
 Concurrent Refinement Workers: 13
 Periodic GC: Disabled
Heap:
 garbage-first heap   total reserved 4194304K, committed 325632K, used 236847K [0x0000000700000000, 0x0000000800000000)
  region size 2048K, 13 young (26624K), 4 survivors (8192K)
 Metaspace       used 118089K, committed 120896K, reserved 557056K
  class space    used 17143K, committed 18432K, reserved 425984K
GC Heap History (20 events):
Event: 10.117 GC heap before
{Heap before GC invocations=39 (full 0):
 garbage-first heap   total reserved 4194304K, committed 253952K, used 225946K [0x0000000700000000, 0x0000000800000000)
  region size 2048K, 50 young (102400K), 6 survivors (12288K)
 Metaspace       used 110782K, committed 113472K, reserved 557056K
  class space    used 16121K, committed 17344K, reserved 425984K
}
Event: 10.124 GC heap after
{Heap after GC invocations=40 (full 0):
 garbage-first heap   total reserved 4194304K, committed 256000K, used 146420K [0x0000000700000000, 0x0000000800000000)
  region size 2048K, 7 young (14336K), 7 survivors (14336K)
 Metaspace       used 110782K, committed 113472K, reserved 557056K
  class space    used 16121K, committed 17344K, reserved 425984K
}
Event: 10.330 GC heap before
{Heap before GC invocations=40 (full 0):
 garbage-first heap   total reserved 4194304K, committed 256000K, used 226292K [0x0000000700000000, 0x0000000800000000)
  region size 2048K, 46 young (94208K), 7 survivors (14336K)
 Metaspace       used 111184K, committed 113856K, reserved 557056K
  class space    used 16156K, committed 17344K, reserved 425984K
}
Event: 10.335 GC heap after
{Heap after GC invocations=41 (full 0):
 garbage-first heap   total reserved 4194304K, committed 256000K, used 156758K [0x0000000700000000, 0x0000000800000000)
  region size 2048K, 6 young (12288K), 6 survivors (12288K)
 Metaspace       used 111184K, committed 113856K, reserved 557056K
  class space    used 16156K, committed 17344K, reserved 425984K
}
Event: 10.398 GC heap before
{Heap before GC invocations=42 (full 0):
 garbage-first heap   total reserved 4194304K, committed 266240K, used 224342K [0x0000000700000000, 0x0000000800000000)
  region size 2048K, 40 young (81920K), 6 survivors (12288K)
 Metaspace       used 111184K, committed 113856K, reserved 557056K
  class space    used 16156K, committed 17344K, reserved 425984K
}
Event: 10.401 GC heap after
{Heap after GC invocations=43 (full 0):
 garbage-first heap   total reserved 4194304K, committed 266240K, used 159441K [0x0000000700000000, 0x0000000800000000)
  region size 2048K, 4 young (8192K), 4 survivors (8192K)
 Metaspace       used 111184K, committed 113856K, reserved 557056K
  class space    used 16156K, committed 17344K, reserved 425984K
}
Event: 10.682 GC heap before
{Heap before GC invocations=43 (full 0):
 garbage-first heap   total reserved 4194304K, committed 266240K, used 239313K [0x0000000700000000, 0x0000000800000000)
  region size 2048K, 43 young (88064K), 4 survivors (8192K)
 Metaspace       used 111931K, committed 114560K, reserved 557056K
  class space    used 16276K, committed 17472K, reserved 425984K
}
Event: 10.686 GC heap after
{Heap after GC invocations=44 (full 0):
 garbage-first heap   total reserved 4194304K, committed 266240K, used 173458K [0x0000000700000000, 0x0000000800000000)
  region size 2048K, 6 young (12288K), 6 survivors (12288K)
 Metaspace       used 111931K, committed 114560K, reserved 557056K
  class space    used 16276K, committed 17472K, reserved 425984K
}
Event: 10.858 GC heap before
{Heap before GC invocations=44 (full 0):
 garbage-first heap   total reserved 4194304K, committed 266240K, used 236946K [0x0000000700000000, 0x0000000800000000)
  region size 2048K, 38 young (77824K), 6 survivors (12288K)
 Metaspace       used 112497K, committed 115264K, reserved 557056K
  class space    used 16330K, committed 17600K, reserved 425984K
}
Event: 10.863 GC heap after
{Heap after GC invocations=45 (full 0):
 garbage-first heap   total reserved 4194304K, committed 325632K, used 178491K [0x0000000700000000, 0x0000000800000000)
  region size 2048K, 5 young (10240K), 5 survivors (10240K)
 Metaspace       used 112497K, committed 115264K, reserved 557056K
  class space    used 16330K, committed 17600K, reserved 425984K
}
Event: 10.956 GC heap before
{Heap before GC invocations=45 (full 0):
 garbage-first heap   total reserved 4194304K, committed 325632K, used 280891K [0x0000000700000000, 0x0000000800000000)
  region size 2048K, 56 young (114688K), 5 survivors (10240K)
 Metaspace       used 112497K, committed 115264K, reserved 557056K
  class space    used 16330K, committed 17600K, reserved 425984K
}
Event: 10.959 GC heap after
{Heap after GC invocations=46 (full 0):
 garbage-first heap   total reserved 4194304K, committed 325632K, used 181831K [0x0000000700000000, 0x0000000800000000)
  region size 2048K, 4 young (8192K), 4 survivors (8192K)
 Metaspace       used 112497K, committed 115264K, reserved 557056K
  class space    used 16330K, committed 17600K, reserved 425984K
}
Event: 11.618 GC heap before
{Heap before GC invocations=47 (full 0):
 garbage-first heap   total reserved 4194304K, committed 325632K, used 286279K [0x0000000700000000, 0x0000000800000000)
  region size 2048K, 56 young (114688K), 4 survivors (8192K)
 Metaspace       used 116451K, committed 119296K, reserved 557056K
  class space    used 16926K, committed 18240K, reserved 425984K
}
Event: 11.622 GC heap after
{Heap after GC invocations=48 (full 0):
 garbage-first heap   total reserved 4194304K, committed 325632K, used 195626K [0x0000000700000000, 0x0000000800000000)
  region size 2048K, 7 young (14336K), 7 survivors (14336K)
 Metaspace       used 116451K, committed 119296K, reserved 557056K
  class space    used 16926K, committed 18240K, reserved 425984K
}
Event: 11.938 GC heap before
{Heap before GC invocations=48 (full 0):
 garbage-first heap   total reserved 4194304K, committed 325632K, used 291882K [0x0000000700000000, 0x0000000800000000)
  region size 2048K, 54 young (110592K), 7 survivors (14336K)
 Metaspace       used 117986K, committed 120768K, reserved 557056K
  class space    used 17135K, committed 18432K, reserved 425984K
}
Event: 11.944 GC heap after
{Heap after GC invocations=49 (full 0):
 garbage-first heap   total reserved 4194304K, committed 325632K, used 206787K [0x0000000700000000, 0x0000000800000000)
  region size 2048K, 7 young (14336K), 7 survivors (14336K)
 Metaspace       used 117986K, committed 120768K, reserved 557056K
  class space    used 17135K, committed 18432K, reserved 425984K
}
Event: 12.150 GC heap before
{Heap before GC invocations=49 (full 0):
 garbage-first heap   total reserved 4194304K, committed 325632K, used 290755K [0x0000000700000000, 0x0000000800000000)
  region size 2048K, 49 young (100352K), 7 survivors (14336K)
 Metaspace       used 118089K, committed 120896K, reserved 557056K
  class space    used 17143K, committed 18432K, reserved 425984K
}
Event: 12.156 GC heap after
{Heap after GC invocations=50 (full 0):
 garbage-first heap   total reserved 4194304K, committed 325632K, used 218598K [0x0000000700000000, 0x0000000800000000)
  region size 2048K, 6 young (12288K), 6 survivors (12288K)
 Metaspace       used 118089K, committed 120896K, reserved 557056K
  class space    used 17143K, committed 18432K, reserved 425984K
}
Event: 12.216 GC heap before
{Heap before GC invocations=50 (full 0):
 garbage-first heap   total reserved 4194304K, committed 325632K, used 290278K [0x0000000700000000, 0x0000000800000000)
  region size 2048K, 42 young (86016K), 6 survivors (12288K)
 Metaspace       used 118089K, committed 120896K, reserved 557056K
  class space    used 17143K, committed 18432K, reserved 425984K
}
Event: 12.219 GC heap after
{Heap after GC invocations=51 (full 0):
 garbage-first heap   total reserved 4194304K, committed 325632K, used 222511K [0x0000000700000000, 0x0000000800000000)
  region size 2048K, 4 young (8192K), 4 survivors (8192K)
 Metaspace       used 118089K, committed 120896K, reserved 557056K
  class space    used 17143K, committed 18432K, reserved 425984K
}

